{
  "stats": {
    "suites": 6,
    "tests": 10,
    "passes": 7,
    "pending": 0,
    "failures": 2,
    "start": "2022-09-14T08:15:22.941Z",
    "end": "2022-09-14T08:17:06.136Z",
    "duration": 69236,
    "testsRegistered": 10,
    "passPercent": 70,
    "pendingPercent": 0,
    "other": 0,
    "hasOther": false,
    "skipped": 1,
    "hasSkipped": true
  },
  "results": [
    {
      "uuid": "381ceb97-2dbc-4472-a581-2e2acd0f07cd",
      "title": "",
      "fullFile": "cypress\\e2e\\fileuploaddownload.cy.js",
      "file": "cypress\\e2e\\fileuploaddownload.cy.js",
      "beforeHooks": [],
      "afterHooks": [],
      "tests": [
        {
          "title": "File upload demo",
          "fullTitle": "File upload demo",
          "timedOut": null,
          "duration": 374,
          "state": "passed",
          "speed": "fast",
          "pass": true,
          "fail": false,
          "pending": false,
          "context": null,
          "code": "cy.visit(\"https://trytestingthis.netlify.app/\");\ncy.get(\"#myfile\").attachFile(\"UploadFile.txt\"); //for files inside fixtures, no need to mention path",
          "err": {},
          "uuid": "ab72eda5-18cd-4eaa-b5df-2bee0585d757",
          "parentUUID": "381ceb97-2dbc-4472-a581-2e2acd0f07cd",
          "isHook": false,
          "skipped": false
        },
        {
          "title": "File Download demo",
          "fullTitle": "File Download demo",
          "timedOut": null,
          "duration": 637,
          "state": "passed",
          "speed": "fast",
          "pass": true,
          "fail": false,
          "pending": false,
          "context": null,
          "code": "cy.downloadFile(\"https://upload.wikimedia.org/wikipedia/en/a/a9/Example.jpg\", \"mydownloads\", \"example.jpg\"); //creates a folder named mydownloads in project folder and downloads example.jpg",
          "err": {},
          "uuid": "1cc2e634-779c-443b-83bf-ae59d7824f73",
          "parentUUID": "381ceb97-2dbc-4472-a581-2e2acd0f07cd",
          "isHook": false,
          "skipped": false
        }
      ],
      "suites": [],
      "passes": [
        "ab72eda5-18cd-4eaa-b5df-2bee0585d757",
        "1cc2e634-779c-443b-83bf-ae59d7824f73"
      ],
      "failures": [],
      "pending": [],
      "skipped": [],
      "duration": 1011,
      "root": true,
      "rootEmpty": false,
      "_timeout": 2000
    },
    {
      "uuid": "62a96503-a7a6-472f-9d40-78883830939a",
      "title": "",
      "fullFile": "cypress\\e2e\\pomdemo.cy.js",
      "file": "cypress\\e2e\\pomdemo.cy.js",
      "beforeHooks": [],
      "afterHooks": [],
      "tests": [],
      "suites": [
        {
          "uuid": "581f41f1-d4bb-454c-9af3-24995fa5de23",
          "title": "All Login Tests",
          "fullFile": "",
          "file": "",
          "beforeHooks": [],
          "afterHooks": [],
          "tests": [
            {
              "title": "Login Test 1",
              "fullTitle": "All Login Tests Login Test 1",
              "timedOut": null,
              "duration": 60191,
              "state": "failed",
              "speed": null,
              "pass": false,
              "fail": true,
              "pending": false,
              "context": null,
              "code": "loginPage.enterUsername(\"Admin\");\nloginPage.enterPassword(\"admin123\");\nloginPage.clickLogin();\ncy.get(\".oxd-userdropdown-name\").click();",
              "err": {
                "message": "CypressError: Timed out after waiting `60000ms` for your remote page to load.\n\nYour page did not fire its `load` event within `60000ms`.\n\nYou can try increasing the `pageLoadTimeout` value in `cypress.config.js` to wait longer.\n\nBrowsers will not fire the `load` event until all stylesheets and scripts are done downloading.\n\nWhen this `load` event occurs, Cypress will continue running commands.\n\nBecause this error occurred during a `before each` hook we are skipping the remaining tests in the current suite: `All Login Tests`",
                "estack": "CypressError: Timed out after waiting `60000ms` for your remote page to load.\n\nYour page did not fire its `load` event within `60000ms`.\n\nYou can try increasing the `pageLoadTimeout` value in `cypress.config.js` to wait longer.\n\nBrowsers will not fire the `load` event until all stylesheets and scripts are done downloading.\n\nWhen this `load` event occurs, Cypress will continue running commands.\n\nBecause this error occurred during a `before each` hook we are skipping the remaining tests in the current suite: `All Login Tests`\n    at timedOutWaitingForPageLoad (https://opensource-demo.orangehrmlive.com/__cypress/runner/cypress_runner.js:140929:74)\n    at https://opensource-demo.orangehrmlive.com/__cypress/runner/cypress_runner.js:142150:16\n    at tryCatcher (https://opensource-demo.orangehrmlive.com/__cypress/runner/cypress_runner.js:11318:23)\n    at https://opensource-demo.orangehrmlive.com/__cypress/runner/cypress_runner.js:6440:41\n    at tryCatcher (https://opensource-demo.orangehrmlive.com/__cypress/runner/cypress_runner.js:11318:23)\n    at Promise._settlePromiseFromHandler (https://opensource-demo.orangehrmlive.com/__cypress/runner/cypress_runner.js:9253:31)\n    at Promise._settlePromise (https://opensource-demo.orangehrmlive.com/__cypress/runner/cypress_runner.js:9310:18)\n    at Promise._settlePromise0 (https://opensource-demo.orangehrmlive.com/__cypress/runner/cypress_runner.js:9355:10)\n    at Promise._settlePromises (https://opensource-demo.orangehrmlive.com/__cypress/runner/cypress_runner.js:9431:18)\n    at _drainQueueStep (https://opensource-demo.orangehrmlive.com/__cypress/runner/cypress_runner.js:6025:12)\n    at _drainQueue (https://opensource-demo.orangehrmlive.com/__cypress/runner/cypress_runner.js:6018:9)\n    at ../../node_modules/bluebird/js/release/async.js.Async._drainQueues (https://opensource-demo.orangehrmlive.com/__cypress/runner/cypress_runner.js:6034:5)\n    at Async.drainQueues (https://opensource-demo.orangehrmlive.com/__cypress/runner/cypress_runner.js:5904:14)\nFrom Your Spec Code:\n    at Context.eval (https://opensource-demo.orangehrmlive.com/__cypress/tests?p=cypress\\e2e\\pomdemo.cy.js:194:8)",
                "diff": null
              },
              "uuid": "d1058268-e190-492e-8b2c-046551bf17d2",
              "parentUUID": "581f41f1-d4bb-454c-9af3-24995fa5de23",
              "isHook": false,
              "skipped": false
            },
            {
              "title": "Login Test 2",
              "fullTitle": "All Login Tests Login Test 2",
              "timedOut": null,
              "duration": 0,
              "state": "skipped",
              "speed": null,
              "pass": false,
              "fail": false,
              "pending": false,
              "context": null,
              "code": "loginPage.enterUsername(\"WrongAdmin\");\nloginPage.enterPassword(\"admin123\");\nloginPage.clickLogin();\ncy.get(\".oxd-userdropdown-name\").click();",
              "err": {},
              "uuid": "0d9591a7-413a-4fac-a038-7b265a5f5963",
              "parentUUID": "581f41f1-d4bb-454c-9af3-24995fa5de23",
              "isHook": false,
              "skipped": true
            }
          ],
          "suites": [],
          "passes": [],
          "failures": [
            "d1058268-e190-492e-8b2c-046551bf17d2"
          ],
          "pending": [],
          "skipped": [
            "0d9591a7-413a-4fac-a038-7b265a5f5963"
          ],
          "duration": 60191,
          "root": false,
          "rootEmpty": false,
          "_timeout": 2000
        }
      ],
      "passes": [],
      "failures": [],
      "pending": [],
      "skipped": [],
      "duration": 0,
      "root": true,
      "rootEmpty": true,
      "_timeout": 2000
    },
    {
      "uuid": "83382b34-6ed8-443e-889a-ddefa7de7fbf",
      "title": "",
      "fullFile": "cypress\\e2e\\readwriteFilesDemo.cy.js",
      "file": "cypress\\e2e\\readwriteFilesDemo.cy.js",
      "beforeHooks": [],
      "afterHooks": [],
      "tests": [
        {
          "title": "Read files using fixtures",
          "fullTitle": "Read files using fixtures",
          "timedOut": null,
          "duration": 47,
          "state": "passed",
          "speed": "fast",
          "pass": true,
          "fail": false,
          "pending": false,
          "context": null,
          "code": "cy.fixture(\"example.json\").then(data => {\n  cy.log(data.name);\n  cy.log(data.email);\n});\ncy.log(this.test_data.name); //to use data as a variable",
          "err": {},
          "uuid": "6049355c-9e24-4384-8f83-dea539515619",
          "parentUUID": "83382b34-6ed8-443e-889a-ddefa7de7fbf",
          "isHook": false,
          "skipped": false
        },
        {
          "title": "read file using ReadFile()",
          "fullTitle": "read file using ReadFile()",
          "timedOut": null,
          "duration": 32,
          "state": "passed",
          "speed": "fast",
          "pass": true,
          "fail": false,
          "pending": false,
          "context": null,
          "code": "cy.readFile(\"cypress/fixtures/example.json\").then(data => {\n  cy.log(data.name); //for json files can use its => .its('name').should('eq','data)\n});",
          "err": {},
          "uuid": "e8d5d4b1-19e1-434c-8d2b-90efe2b3d1a3",
          "parentUUID": "83382b34-6ed8-443e-889a-ddefa7de7fbf",
          "isHook": false,
          "skipped": false
        },
        {
          "title": "Write file demo",
          "fullTitle": "Write file demo",
          "timedOut": null,
          "duration": 35,
          "state": "passed",
          "speed": "fast",
          "pass": true,
          "fail": false,
          "pending": false,
          "context": null,
          "code": "cy.writeFile(\"sample.txt\", \"I am Yahya\"); //if file doesn't exist, then it will be created on root directory\ncy.writeFile(\"sample.txt\", \"\\nAvoid overwriting example\", {\n  flag: \"a+\"\n}); //add a flag to avoid overwriting existing content in sample.txt",
          "err": {},
          "uuid": "731a864b-3909-475e-9742-f2fa6872c6fe",
          "parentUUID": "83382b34-6ed8-443e-889a-ddefa7de7fbf",
          "isHook": false,
          "skipped": false
        }
      ],
      "suites": [],
      "passes": [
        "6049355c-9e24-4384-8f83-dea539515619",
        "e8d5d4b1-19e1-434c-8d2b-90efe2b3d1a3",
        "731a864b-3909-475e-9742-f2fa6872c6fe"
      ],
      "failures": [],
      "pending": [],
      "skipped": [],
      "duration": 114,
      "root": true,
      "rootEmpty": false,
      "_timeout": 2000
    },
    {
      "uuid": "6f303a69-8ece-475c-bb6f-8b89bbcfbff8",
      "title": "",
      "fullFile": "cypress\\e2e\\spec.cy.js",
      "file": "cypress\\e2e\\spec.cy.js",
      "beforeHooks": [],
      "afterHooks": [],
      "tests": [],
      "suites": [
        {
          "uuid": "bc389596-14ce-498c-9162-04a9df2e6ef6",
          "title": "empty spec",
          "fullFile": "",
          "file": "",
          "beforeHooks": [],
          "afterHooks": [],
          "tests": [
            {
              "title": "passes",
              "fullTitle": "empty spec passes",
              "timedOut": null,
              "duration": 1401,
              "state": "passed",
              "speed": "fast",
              "pass": true,
              "fail": false,
              "pending": false,
              "context": null,
              "code": "cy.visit(\"https://example.cypress.io\");",
              "err": {},
              "uuid": "13923bb5-6591-4706-99b4-fc341693b9ee",
              "parentUUID": "bc389596-14ce-498c-9162-04a9df2e6ef6",
              "isHook": false,
              "skipped": false
            }
          ],
          "suites": [],
          "passes": [
            "13923bb5-6591-4706-99b4-fc341693b9ee"
          ],
          "failures": [],
          "pending": [],
          "skipped": [],
          "duration": 1401,
          "root": false,
          "rootEmpty": false,
          "_timeout": 2000
        }
      ],
      "passes": [],
      "failures": [],
      "pending": [],
      "skipped": [],
      "duration": 0,
      "root": true,
      "rootEmpty": true,
      "_timeout": 2000
    },
    {
      "uuid": "84c501ca-43cb-4206-9f75-7924cca0227d",
      "title": "",
      "fullFile": "cypress\\e2e\\test1.cy.js",
      "file": "cypress\\e2e\\test1.cy.js",
      "beforeHooks": [],
      "afterHooks": [],
      "tests": [
        {
          "title": "Google Search",
          "fullTitle": "Google Search",
          "timedOut": null,
          "duration": 6281,
          "state": "passed",
          "speed": "medium",
          "pass": true,
          "fail": false,
          "pending": false,
          "context": null,
          "code": "cy.visit(\"https://google.com\");\ncy.get(\".gLFyf\").type(\"abcdefgh{Enter}\"); //For pressing a key\n//cy.contains(\"Google Search\").click()  FOR CLICKING SEARCH",
          "err": {},
          "uuid": "5f771c78-128e-4ea8-825c-0c86416df725",
          "parentUUID": "84c501ca-43cb-4206-9f75-7924cca0227d",
          "isHook": false,
          "skipped": false
        }
      ],
      "suites": [],
      "passes": [
        "5f771c78-128e-4ea8-825c-0c86416df725"
      ],
      "failures": [],
      "pending": [],
      "skipped": [],
      "duration": 6281,
      "root": true,
      "rootEmpty": false,
      "_timeout": 2000
    },
    {
      "uuid": "717a5193-5086-413b-8188-6779dfcd4630",
      "title": "",
      "fullFile": "cypress\\e2e\\assertionsdemo.cy.js",
      "file": "cypress\\e2e\\assertionsdemo.cy.js",
      "beforeHooks": [],
      "afterHooks": [],
      "tests": [
        {
          "title": "Assertions Demo",
          "fullTitle": "Assertions Demo",
          "timedOut": null,
          "duration": 238,
          "state": "failed",
          "speed": null,
          "pass": false,
          "fail": true,
          "pending": false,
          "context": null,
          "code": "cy.visit('https://example.cypress.io'); //cy.contains(\"Querying\").click()\ncy.contains(\"get\").click();\ncy.get('#query-btn').should('contain', 'Button').should('have.class', 'query-btn').and('be.visible') //and will be the same as the assertion above\n.should('be.enabled');\nexpect(true).to.be.true; //expect(name).to.be.equal('name')  \nassert.equal(5, 5, \"Not Equal\");\nassert.strictEqual(4, '4', \"Data type not equal\");",
          "err": {
            "message": "AssertionError: Data type not equal: expected 4 to equal '4'",
            "estack": "AssertionError: Data type not equal: expected 4 to equal '4'\n    at Context.eval (http://localhost:51734/__cypress/tests?p=cypress\\e2e\\assertionsdemo.cy.js:108:10)",
            "diff": "- 4\n+ '4'\n"
          },
          "uuid": "2c2b1928-d32e-4741-bbe5-688a3cb8030a",
          "parentUUID": "717a5193-5086-413b-8188-6779dfcd4630",
          "isHook": false,
          "skipped": false
        }
      ],
      "suites": [],
      "passes": [],
      "failures": [
        "2c2b1928-d32e-4741-bbe5-688a3cb8030a"
      ],
      "pending": [],
      "skipped": [],
      "duration": 238,
      "root": true,
      "rootEmpty": false,
      "_timeout": 2000
    }
  ],
  "meta": {
    "mocha": {
      "version": "7.0.1"
    },
    "mochawesome": {
      "options": {
        "quiet": false,
        "reportFilename": "mochawesome",
        "saveHtml": false,
        "saveJson": true,
        "consoleReporter": "spec",
        "useInlineDiffs": false,
        "code": true
      },
      "version": "7.1.3"
    },
    "marge": {
      "options": {
        "charts": true,
        "overwrite": false,
        "html": false,
        "json": true,
        "reportDir": "cypress/report/mochawesome-report"
      },
      "version": "6.2.0"
    }
  }
}
