{
  "stats": {
    "suites": 0,
    "tests": 1,
    "passes": 1,
    "pending": 0,
    "failures": 0,
    "start": "2022-09-14T08:16:57.187Z",
    "end": "2022-09-14T08:17:06.136Z",
    "duration": 8949,
    "testsRegistered": 1,
    "passPercent": 100,
    "pendingPercent": 0,
    "other": 0,
    "hasOther": false,
    "skipped": 0,
    "hasSkipped": false
  },
  "results": [
    {
      "uuid": "84c501ca-43cb-4206-9f75-7924cca0227d",
      "title": "",
      "fullFile": "cypress\\e2e\\test1.cy.js",
      "file": "cypress\\e2e\\test1.cy.js",
      "beforeHooks": [],
      "afterHooks": [],
      "tests": [
        {
          "title": "Google Search",
          "fullTitle": "Google Search",
          "timedOut": null,
          "duration": 6281,
          "state": "passed",
          "speed": "medium",
          "pass": true,
          "fail": false,
          "pending": false,
          "context": null,
          "code": "cy.visit(\"https://google.com\");\ncy.get(\".gLFyf\").type(\"abcdefgh{Enter}\"); //For pressing a key\n//cy.contains(\"Google Search\").click()  FOR CLICKING SEARCH",
          "err": {},
          "uuid": "5f771c78-128e-4ea8-825c-0c86416df725",
          "parentUUID": "84c501ca-43cb-4206-9f75-7924cca0227d",
          "isHook": false,
          "skipped": false
        }
      ],
      "suites": [],
      "passes": [
        "5f771c78-128e-4ea8-825c-0c86416df725"
      ],
      "failures": [],
      "pending": [],
      "skipped": [],
      "duration": 6281,
      "root": true,
      "rootEmpty": false,
      "_timeout": 2000
    }
  ],
  "meta": {
    "mocha": {
      "version": "7.0.1"
    },
    "mochawesome": {
      "options": {
        "quiet": false,
        "reportFilename": "mochawesome",
        "saveHtml": false,
        "saveJson": true,
        "consoleReporter": "spec",
        "useInlineDiffs": false,
        "code": true
      },
      "version": "7.1.3"
    },
    "marge": {
      "options": {
        "charts": true,
        "overwrite": false,
        "html": false,
        "json": true,
        "reportDir": "cypress/report/mochawesome-report"
      },
      "version": "6.2.0"
    }
  }
}