{
  "stats": {
    "suites": 0,
    "tests": 1,
    "passes": 0,
    "pending": 0,
    "failures": 1,
    "start": "2022-09-14T08:15:22.941Z",
    "end": "2022-09-14T08:15:23.248Z",
    "duration": 307,
    "testsRegistered": 1,
    "passPercent": 0,
    "pendingPercent": 0,
    "other": 0,
    "hasOther": false,
    "skipped": 0,
    "hasSkipped": false
  },
  "results": [
    {
      "uuid": "717a5193-5086-413b-8188-6779dfcd4630",
      "title": "",
      "fullFile": "cypress\\e2e\\assertionsdemo.cy.js",
      "file": "cypress\\e2e\\assertionsdemo.cy.js",
      "beforeHooks": [],
      "afterHooks": [],
      "tests": [
        {
          "title": "Assertions Demo",
          "fullTitle": "Assertions Demo",
          "timedOut": null,
          "duration": 238,
          "state": "failed",
          "speed": null,
          "pass": false,
          "fail": true,
          "pending": false,
          "context": null,
          "code": "cy.visit('https://example.cypress.io'); //cy.contains(\"Querying\").click()\ncy.contains(\"get\").click();\ncy.get('#query-btn').should('contain', 'Button').should('have.class', 'query-btn').and('be.visible') //and will be the same as the assertion above\n.should('be.enabled');\nexpect(true).to.be.true; //expect(name).to.be.equal('name')  \nassert.equal(5, 5, \"Not Equal\");\nassert.strictEqual(4, '4', \"Data type not equal\");",
          "err": {
            "message": "AssertionError: Data type not equal: expected 4 to equal '4'",
            "estack": "AssertionError: Data type not equal: expected 4 to equal '4'\n    at Context.eval (http://localhost:51734/__cypress/tests?p=cypress\\e2e\\assertionsdemo.cy.js:108:10)",
            "diff": "- 4\n+ '4'\n"
          },
          "uuid": "2c2b1928-d32e-4741-bbe5-688a3cb8030a",
          "parentUUID": "717a5193-5086-413b-8188-6779dfcd4630",
          "isHook": false,
          "skipped": false
        }
      ],
      "suites": [],
      "passes": [],
      "failures": [
        "2c2b1928-d32e-4741-bbe5-688a3cb8030a"
      ],
      "pending": [],
      "skipped": [],
      "duration": 238,
      "root": true,
      "rootEmpty": false,
      "_timeout": 2000
    }
  ],
  "meta": {
    "mocha": {
      "version": "7.0.1"
    },
    "mochawesome": {
      "options": {
        "quiet": false,
        "reportFilename": "mochawesome",
        "saveHtml": false,
        "saveJson": true,
        "consoleReporter": "spec",
        "useInlineDiffs": false,
        "code": true
      },
      "version": "7.1.3"
    },
    "marge": {
      "options": {
        "charts": true,
        "overwrite": false,
        "html": false,
        "json": true,
        "reportDir": "cypress/report/mochawesome-report"
      },
      "version": "6.2.0"
    }
  }
}